<?xml version="1.0" encoding="UTF-8"?>
<!-- Generated by org.testng.reporters.JUnitReportReporter -->
<testsuite skipped="0" hostname="DESKTOP-0S89QK2" name="testcase.DeleteLead" tests="1" failures="0" timestamp="2021-05-24T22:25:57 IST" time="26.555" errors="0">
  <testcase name="deleteLead" time="26.555" classname="testcase.DeleteLead"/>
  <system-out/>
</testsuite> <!-- testcase.DeleteLead -->
