<?xml version="1.0" encoding="UTF-8"?>
<!-- Generated by org.testng.reporters.JUnitReportReporter -->
<testsuite skipped="0" hostname="DESKTOP-0S89QK2" name="testcase.DuplicateLead" tests="3" failures="0" timestamp="2021-05-25T13:36:34 IST" time="59.179" errors="0">
  <testcase name="duplicateLead" time="18.701" classname="testcase.DuplicateLead"/>
  <system-out/>
  <testcase name="duplicateLead" time="20.445" classname="testcase.DuplicateLead"/>
  <system-out/>
  <testcase name="duplicateLead" time="20.033" classname="testcase.DuplicateLead"/>
  <system-out/>
</testsuite> <!-- testcase.DuplicateLead -->
