<?xml version="1.0" encoding="UTF-8"?>
<!-- Generated by org.testng.reporters.JUnitReportReporter -->
<testsuite skipped="0" hostname="DESKTOP-0S89QK2" name="testcase.LoginAndLogout" tests="1" failures="0" timestamp="2021-05-25T11:23:56 IST" time="20.112" errors="0">
  <testcase name="loginAndLogout" time="20.112" classname="testcase.LoginAndLogout"/>
  <system-out/>
</testsuite> <!-- testcase.LoginAndLogout -->
