<?xml version="1.0" encoding="UTF-8"?>
<!-- Generated by org.testng.reporters.JUnitReportReporter -->
<testsuite skipped="0" hostname="DESKTOP-0S89QK2" name="testcase.EditLead" tests="3" failures="0" timestamp="2021-05-25T13:36:34 IST" time="61.074" errors="0">
  <testcase name="edit" time="18.914" classname="testcase.EditLead"/>
  <system-out/>
  <testcase name="edit" time="18.359" classname="testcase.EditLead"/>
  <system-out/>
  <testcase name="edit" time="23.801" classname="testcase.EditLead"/>
  <system-out/>
</testsuite> <!-- testcase.EditLead -->
