<?xml version="1.0" encoding="UTF-8"?>
<!-- Generated by org.testng.reporters.JUnitReportReporter -->
<testsuite skipped="0" hostname="DESKTOP-0S89QK2" name="testcase.CreateLead" tests="2" failures="0" timestamp="2021-05-25T13:36:34 IST" time="37.444" errors="0">
  <testcase name="createLead" time="18.622" classname="testcase.CreateLead"/>
  <system-out/>
  <testcase name="createLead" time="18.822" classname="testcase.CreateLead"/>
  <system-out/>
</testsuite> <!-- testcase.CreateLead -->
