<?xml version="1.0" encoding="UTF-8"?>
<!-- Generated by org.testng.reporters.JUnitReportReporter -->
<testsuite skipped="0" hostname="DESKTOP-0S89QK2" name="testcase.EditLeadPage" tests="3" failures="0" timestamp="2021-05-25T12:44:53 IST" time="71.810" errors="0">
  <testcase name="edit" time="24.684" classname="testcase.EditLeadPage"/>
  <system-out/>
  <testcase name="edit" time="25.625" classname="testcase.EditLeadPage"/>
  <system-out/>
  <testcase name="edit" time="21.501" classname="testcase.EditLeadPage"/>
  <system-out/>
</testsuite> <!-- testcase.EditLeadPage -->
