<?xml version="1.0" encoding="UTF-8"?>
<!-- Generated by org.testng.reporters.JUnitReportReporter -->
<testsuite skipped="0" hostname="DESKTOP-0S89QK2" name="testcase.DuplicateLeadPage" tests="1" failures="0" timestamp="2021-05-24T22:25:57 IST" time="20.499" errors="0">
  <testcase name="duplicateLead" time="20.499" classname="testcase.DuplicateLeadPage"/>
  <system-out/>
</testsuite> <!-- testcase.DuplicateLeadPage -->
